<?xml version="1.0" encoding="utf-8"?><testsuites><testsuite name="pytest" errors="0" failures="0" skipped="0" tests="20" time="33.571" timestamp="2023-02-27T15:42:11.262523" hostname="yolis-air.dyn.nyp.org"><testcase classname="pymgpipe.tests.test_build" name="test_build_diet_fecal" time="0.995" /><testcase classname="pymgpipe.tests.test_build" name="test_build_models" time="0.894" /><testcase classname="pymgpipe.tests.test_coupling" name="test_add_coupling_optlang" time="0.101" /><testcase classname="pymgpipe.tests.test_coupling" name="test_add_coupling_cobra" time="0.672" /><testcase classname="pymgpipe.tests.test_coupling" name="test_remove_coupling_optlang" time="0.053" /><testcase classname="pymgpipe.tests.test_coupling" name="test_remove_coupling_cobra" time="0.053" /><testcase classname="pymgpipe.tests.test_diet" name="test_add_diet_cobra" time="0.085" /><testcase classname="pymgpipe.tests.test_diet" name="test_add_diet_optlang" time="0.082" /><testcase classname="pymgpipe.tests.test_diet" name="test_remove_diet" time="0.083" /><testcase classname="pymgpipe.tests.test_diet" name="test_personlized_diet_force_uptake" time="0.126" /><testcase classname="pymgpipe.tests.test_diet" name="test_personalized_diet_no_force_uptake" time="0.120" /><testcase classname="pymgpipe.tests.test_e2e" name="test_full_diet_fecal_compartments" time="7.612" /><testcase classname="pymgpipe.tests.test_e2e" name="test_full_single_compartment" time="7.485" /><testcase classname="pymgpipe.tests.test_fva" name="test_regularFVA" time="2.278" /><testcase classname="pymgpipe.tests.test_fva" name="test_nmpc" time="2.297" /><testcase classname="pymgpipe.tests.test_fva" name="test_nmpc_multisample" time="4.695" /><testcase classname="pymgpipe.tests.test_io" name="test_read_cobra" time="1.997" /><testcase classname="pymgpipe.tests.test_io" name="test_read_lp" time="0.250" /><testcase classname="pymgpipe.tests.test_io" name="test_write_lp" time="0.278" /><testcase classname="pymgpipe.tests.test_io" name="test_write_cobra" time="3.081" /></testsuite></testsuites>