<?xml version="1.0" encoding="utf-8"?><testsuites><testsuite name="pytest" errors="0" failures="0" skipped="0" tests="20" time="24.273" timestamp="2023-02-27T20:21:58.549204" hostname="fv-az577-661"><testcase classname="pymgpipe.tests.test_build" name="test_build_diet_fecal" time="1.641" /><testcase classname="pymgpipe.tests.test_build" name="test_build" time="1.461" /><testcase classname="pymgpipe.tests.test_coupling" name="test_add_coupling_optlang" time="0.224" /><testcase classname="pymgpipe.tests.test_coupling" name="test_add_coupling_cobra" time="1.030" /><testcase classname="pymgpipe.tests.test_coupling" name="test_remove_coupling_optlang" time="0.121" /><testcase classname="pymgpipe.tests.test_coupling" name="test_remove_coupling_cobra" time="0.117" /><testcase classname="pymgpipe.tests.test_diet" name="test_add_diet_cobra" time="0.193" /><testcase classname="pymgpipe.tests.test_diet" name="test_add_diet_optlang" time="0.197" /><testcase classname="pymgpipe.tests.test_diet" name="test_remove_diet" time="0.199" /><testcase classname="pymgpipe.tests.test_diet" name="test_personlized_diet_force_uptake" time="0.296" /><testcase classname="pymgpipe.tests.test_diet" name="test_personalized_diet_no_force_uptake" time="0.287" /><testcase classname="pymgpipe.tests.test_e2e" name="test_full_diet_fecal_compartments" time="2.002" /><testcase classname="pymgpipe.tests.test_e2e" name="test_full_single_compartment" time="1.747" /><testcase classname="pymgpipe.tests.test_fva" name="test_fva" time="0.241" /><testcase classname="pymgpipe.tests.test_fva" name="test_nmpc" time="0.319" /><testcase classname="pymgpipe.tests.test_fva" name="test_nmpc_multisample" time="0.855" /><testcase classname="pymgpipe.tests.test_io" name="test_read_cobra" time="3.373" /><testcase classname="pymgpipe.tests.test_io" name="test_read_lp" time="0.500" /><testcase classname="pymgpipe.tests.test_io" name="test_write_lp" time="0.507" /><testcase classname="pymgpipe.tests.test_io" name="test_write_cobra" time="5.488" /></testsuite></testsuites>